<?xml version="1.0" encoding="UTF-8"?>
<!-- Generated by org.testng.reporters.JUnitXMLReporter -->
<testsuite ignored="6" hostname="Layan" failures="0" tests="1" name="Default test" time="26.976" errors="0" timestamp="2025-05-01T15:41:04 EET">
  <testcase classname="track2.track2" name="table" time="0.273"/>
  <testcase classname="track2.track2" name="myselector" time="0.0">
    <ignored/>
  </testcase> <!-- myselector -->
  <testcase classname="track2.track2" name="alratbutton" time="0.0">
    <ignored/>
  </testcase> <!-- alratbutton -->
  <testcase classname="track2.track2" name="checkbox" time="0.0">
    <ignored/>
  </testcase> <!-- checkbox -->
  <testcase classname="track2.track2" name="windowexample" time="0.0">
    <ignored/>
  </testcase> <!-- windowexample -->
  <testcase classname="track2.track2" name="openwindow" time="0.0">
    <ignored/>
  </testcase> <!-- openwindow -->
  <testcase classname="track2.track2" name="mytest" time="0.0">
    <ignored/>
  </testcase> <!-- mytest -->
</testsuite> <!-- Default test -->
