<?xml version="1.0" encoding="UTF-8"?>
<!-- Generated by org.testng.reporters.JUnitXMLReporter -->
<testsuite ignored="2" hostname="Layan" failures="0" tests="1" name="Default test" time="6.544" errors="0" timestamp="2025-04-29T17:30:31 EET">
  <testcase classname="track2.track2" name="checkbox" time="0.214"/>
  <testcase classname="track2.track2" name="mytest" time="0.0">
    <ignored/>
  </testcase> <!-- mytest -->
  <testcase classname="track2.track2" name="myselector" time="0.0">
    <ignored/>
  </testcase> <!-- myselector -->
</testsuite> <!-- Default test -->
