<?xml version="1.0" encoding="UTF-8"?>
<testng-results ignored="1" total="4" passed="3" failed="0" skipped="0">
  <reporter-output>
  </reporter-output>
  <suite started-at="2025-04-27T20:23:09 EET" name="Default suite" finished-at="2025-04-27T20:23:17 EET" duration-ms="7536">
    <groups>
    </groups>
    <test started-at="2025-04-27T20:23:09 EET" name="Default test" finished-at="2025-04-27T20:23:17 EET" duration-ms="7536">
      <class name="track1.track1">
        <test-method is-config="true" signature="beforetest()[pri:0, instance:track1.track1@497486b3]" started-at="2025-04-27T20:23:09 EET" name="beforetest" finished-at="2025-04-27T20:23:13 EET" duration-ms="3400" status="PASS">
          <reporter-output>
          </reporter-output>
        </test-method> <!-- beforetest -->
        <test-method signature="inTest()[pri:0, instance:track1.track1@497486b3]" started-at="2025-04-27T20:23:13 EET" name="inTest" finished-at="2025-04-27T20:23:14 EET" duration-ms="1410" status="PASS">
          <reporter-output>
          </reporter-output>
        </test-method> <!-- inTest -->
        <test-method signature="addallitem()[pri:1, instance:track1.track1@497486b3]" started-at="2025-04-27T20:23:14 EET" name="addallitem" finished-at="2025-04-27T20:23:15 EET" duration-ms="1130" status="PASS">
          <reporter-output>
          </reporter-output>
        </test-method> <!-- addallitem -->
        <test-method signature="removeallitem()[pri:2, instance:track1.track1@497486b3]" started-at="2025-04-27T20:23:15 EET" name="removeallitem" finished-at="2025-04-27T20:23:17 EET" duration-ms="1469" status="PASS">
          <reporter-output>
          </reporter-output>
        </test-method> <!-- removeallitem -->
      </class> <!-- track1.track1 -->
    </test> <!-- Default test -->
  </suite> <!-- Default suite -->
</testng-results>
