<?xml version="1.0" encoding="UTF-8"?>
<!-- Generated by org.testng.reporters.JUnitXMLReporter -->
<testsuite ignored="2" hostname="Layan" failures="0" tests="1" name="Default test" time="5.477" errors="0" timestamp="2025-05-26T13:59:11 EET">
  <testcase classname="databasetesting.databasetesting" name="ReadCustomer" time="0.842"/>
  <testcase classname="databasetesting.databasetesting" name="UpdateCustomer" time="0.0">
    <ignored/>
  </testcase> <!-- UpdateCustomer -->
  <testcase classname="databasetesting.databasetesting" name="AddNewCustomer" time="0.0">
    <ignored/>
  </testcase> <!-- AddNewCustomer -->
</testsuite> <!-- Default test -->
