<?xml version="1.0" encoding="UTF-8"?>
<testng-results ignored="0" total="1" passed="1" failed="0" skipped="0">
  <reporter-output>
  </reporter-output>
  <suite started-at="2025-04-27T22:34:32 EET" name="Default suite" finished-at="2025-04-27T22:34:34 EET" duration-ms="2587">
    <groups>
    </groups>
    <test started-at="2025-04-27T22:34:32 EET" name="Default test" finished-at="2025-04-27T22:34:34 EET" duration-ms="2587">
      <class name="Task">
        <test-method signature="login()[pri:0, instance:Task@362045c0]" started-at="2025-04-27T22:34:32 EET" name="login" finished-at="2025-04-27T22:34:34 EET" duration-ms="2482" status="PASS">
          <reporter-output>
          </reporter-output>
        </test-method> <!-- login -->
      </class> <!-- Task -->
    </test> <!-- Default test -->
  </suite> <!-- Default suite -->
</testng-results>
