<?xml version="1.0" encoding="UTF-8"?>
<!-- Generated by org.testng.reporters.JUnitXMLReporter -->
<testsuite ignored="1" hostname="Layan" failures="0" tests="3" name="Default test" time="7.536" errors="0" timestamp="2025-04-27T20:23:17 EET">
  <testcase classname="track1.track1" name="inTest" time="1.41"/>
  <testcase classname="track1.track1" name="addallitem" time="1.13"/>
  <testcase classname="track1.track1" name="removeallitem" time="1.469"/>
  <testcase classname="track1.track1" name="logout" time="0.0">
    <ignored/>
  </testcase> <!-- logout -->
</testsuite> <!-- Default test -->
