<?xml version="1.0" encoding="UTF-8"?>
<testng-results ignored="6" total="7" passed="1" failed="0" skipped="0">
  <reporter-output>
  </reporter-output>
  <suite started-at="2025-05-01T15:40:37 EET" name="Default suite" finished-at="2025-05-01T15:41:04 EET" duration-ms="26976">
    <groups>
    </groups>
    <test started-at="2025-05-01T15:40:37 EET" name="Default test" finished-at="2025-05-01T15:41:04 EET" duration-ms="26976">
      <class name="track2.track2">
        <test-method is-config="true" signature="start()[pri:0, instance:track2.track2@23fb172e]" started-at="2025-05-01T15:40:37 EET" name="start" finished-at="2025-05-01T15:41:04 EET" duration-ms="26624" status="PASS">
          <reporter-output>
          </reporter-output>
        </test-method> <!-- start -->
        <test-method signature="table()[pri:7, instance:track2.track2@23fb172e]" started-at="2025-05-01T15:41:04 EET" name="table" finished-at="2025-05-01T15:41:04 EET" duration-ms="273" status="PASS">
          <reporter-output>
          </reporter-output>
        </test-method> <!-- table -->
      </class> <!-- track2.track2 -->
    </test> <!-- Default test -->
  </suite> <!-- Default suite -->
</testng-results>
