<?xml version="1.0" encoding="UTF-8"?>
<testng-results ignored="2" total="3" passed="1" failed="0" skipped="0">
  <reporter-output>
  </reporter-output>
  <suite started-at="2025-04-29T17:30:24 EET" name="Default suite" finished-at="2025-04-29T17:30:31 EET" duration-ms="6544">
    <groups>
    </groups>
    <test started-at="2025-04-29T17:30:24 EET" name="Default test" finished-at="2025-04-29T17:30:31 EET" duration-ms="6544">
      <class name="track2.track2">
        <test-method is-config="true" signature="start()[pri:0, instance:track2.track2@732f29af]" started-at="2025-04-29T17:30:24 EET" name="start" finished-at="2025-04-29T17:30:31 EET" duration-ms="6201" status="PASS">
          <reporter-output>
          </reporter-output>
        </test-method> <!-- start -->
        <test-method signature="checkbox()[pri:0, instance:track2.track2@732f29af]" started-at="2025-04-29T17:30:31 EET" name="checkbox" finished-at="2025-04-29T17:30:31 EET" duration-ms="214" status="PASS">
          <reporter-output>
          </reporter-output>
        </test-method> <!-- checkbox -->
      </class> <!-- track2.track2 -->
    </test> <!-- Default test -->
  </suite> <!-- Default suite -->
</testng-results>
